FinalProjectIAK/build/outputs/logs/manifest-merger-debug-report.txt
-- Merging decision tree log ---
manifest
ADDED from src\main\AndroidManifest.xml:10:1-53:12
	package
		ADDED from src\main\AndroidManifest.xml:11:5-32
		INJECTED from src\main\AndroidManifest.xml
		INJECTED from src\main\AndroidManifest.xml
	android:versionName
		INJECTED from src\main\AndroidManifest.xml
		INJECTED from src\main\AndroidManifest.xml
	xmlns:android
		ADDED from src\main\AndroidManifest.xml:10:11-69
	android:versionCode
		INJECTED from src\main\AndroidManifest.xml
		INJECTED from src\main\AndroidManifest.xml
uses-permission#android.permission.INTERNET
ADDED from src\main\AndroidManifest.xml:13:5-67
	android:name
		ADDED from src\main\AndroidManifest.xml:13:22-64
uses-permission#android.permission.ACCESS_NETWORK_STATE
ADDED from src\main\AndroidManifest.xml:14:5-79
	android:name
		ADDED from src\main\AndroidManifest.xml:14:22-76
application
ADDED from src\main\AndroidManifest.xml:16:5-51:19
MERGED from [com.android.support:appcompat-v7:22.2.0] AndroidManifest.xml:22:5-20
MERGED from [com.android.support:support-v4:22.2.0] AndroidManifest.xml:22:5-20
	android:label
		ADDED from src\main\AndroidManifest.xml:20:9-41
	android:allowBackup
		ADDED from src\main\AndroidManifest.xml:18:9-35
	android:icon
		ADDED from src\main\AndroidManifest.xml:19:9-43
	android:theme
		ADDED from src\main\AndroidManifest.xml:21:9-40
	android:name
		ADDED from src\main\AndroidManifest.xml:17:9-43
meta-data#com.parse.APPLICATION_ID
ADDED from src\main\AndroidManifest.xml:22:9-24:52
	android:value
		ADDED from src\main\AndroidManifest.xml:24:13-49
	android:name
		ADDED from src\main\AndroidManifest.xml:23:13-52
meta-data#com.parse.CLIENT_KEY
ADDED from src\main\AndroidManifest.xml:25:9-27:56
	android:value
		ADDED from src\main\AndroidManifest.xml:27:13-53
	android:name
		ADDED from src\main\AndroidManifest.xml:26:13-48
meta-data#com.parse.Server
ADDED from src\main\AndroidManifest.xml:29:9-31:52
	android:value
		ADDED from src\main\AndroidManifest.xml:31:13-49
	android:name
		ADDED from src\main\AndroidManifest.xml:30:13-44
activity#com.parse.starter.MainActivity
ADDED from src\main\AndroidManifest.xml:33:9-41:20
	android:label
		ADDED from src\main\AndroidManifest.xml:35:13-45
	android:name
		ADDED from src\main\AndroidManifest.xml:34:13-41
intent-filter#android.intent.action.MAIN+android.intent.category.LAUNCHER
ADDED from src\main\AndroidManifest.xml:36:13-40:29
action#android.intent.action.MAIN
ADDED from src\main\AndroidManifest.xml:37:17-69
	android:name
		ADDED from src\main\AndroidManifest.xml:37:25-66
category#android.intent.category.LAUNCHER
ADDED from src\main\AndroidManifest.xml:39:17-77
	android:name
		ADDED from src\main\AndroidManifest.xml:39:27-74
activity#com.parse.starter.UserList
ADDED from src\main\AndroidManifest.xml:43:9-50:20
	android:label
		ADDED from src\main\AndroidManifest.xml:45:13-45
	android:name
		ADDED from src\main\AndroidManifest.xml:44:13-37
uses-sdk
INJECTED from src\main\AndroidManifest.xml reason: use-sdk injection requested
MERGED from [com.android.support:appcompat-v7:22.2.0] AndroidManifest.xml:20:5-43
MERGED from [com.android.support:support-v4:22.2.0] AndroidManifest.xml:20:5-43
	android:targetSdkVersion
		INJECTED from src\main\AndroidManifest.xml
		INJECTED from src\main\AndroidManifest.xml
	android:minSdkVersion
		INJECTED from src\main\AndroidManifest.xml
		INJECTED from src\main\AndroidManifest.xml